# JRE version: Java(TM) SE Runtime Environment 18.9 (11.0.19+9) (build 11.0.19+9-LTS-224)
# Java VM: Java HotSpot(TM) 64-Bit Server VM 18.9 (11.0.19+9-LTS-224, mixed mode, tiered, compressed oops, g1 gc, windows-amd64)
Heap:
 garbage-first heap   total 131072K, used 32416K [0x0000000080000000, 0x0000000100000000)
  region size 1024K, 14 young (14336K), 9 survivors (9216K)
 Metaspace       used 39944K, capacity 40918K, committed 41216K, reserved 552960K
  class space    used 5107K, capacity 5516K, committed 5632K, reserved 516096K
GC Heap History (10 events):
Event: 7.834 GC heap before
{Heap before GC invocations=2 (full 0):
 garbage-first heap   total 131072K, used 36403K [0x0000000080000000, 0x0000000100000000)
  region size 1024K, 31 young (31744K), 10 survivors (10240K)
 Metaspace       used 20603K, capacity 21090K, committed 21248K, reserved 534528K
  class space    used 2514K, capacity 2700K, committed 2816K, reserved 516096K
}
Event: 7.846 GC heap after
{Heap after GC invocations=3 (full 0):
 garbage-first heap   total 131072K, used 18103K [0x0000000080000000, 0x0000000100000000)
  region size 1024K, 2 young (2048K), 2 survivors (2048K)
 Metaspace       used 20603K, capacity 21090K, committed 21248K, reserved 534528K
  class space    used 2514K, capacity 2700K, committed 2816K, reserved 516096K
}
Event: 9.351 GC heap before
{Heap before GC invocations=4 (full 0):
 garbage-first heap   total 131072K, used 65207K [0x0000000080000000, 0x0000000100000000)
  region size 1024K, 48 young (49152K), 2 survivors (2048K)
 Metaspace       used 25278K, capacity 25884K, committed 26112K, reserved 538624K
  class space    used 3281K, capacity 3515K, committed 3584K, reserved 516096K
}
Event: 9.358 GC heap after
{Heap after GC invocations=5 (full 0):
 garbage-first heap   total 131072K, used 19583K [0x0000000080000000, 0x0000000100000000)
  region size 1024K, 3 young (3072K), 3 survivors (3072K)
 Metaspace       used 25278K, capacity 25884K, committed 26112K, reserved 538624K
  class space    used 3281K, capacity 3515K, committed 3584K, reserved 516096K
}
Event: 11.357 GC heap before
{Heap before GC invocations=5 (full 0):
 garbage-first heap   total 131072K, used 73855K [0x0000000080000000, 0x0000000100000000)
  region size 1024K, 56 young (57344K), 3 survivors (3072K)
 Metaspace       used 30080K, capacity 30775K, committed 30976K, reserved 542720K
  class space    used 4047K, capacity 4326K, committed 4352K, reserved 516096K
}
Event: 11.364 GC heap after
{Heap after GC invocations=6 (full 0):
 garbage-first heap   total 131072K, used 21153K [0x0000000080000000, 0x0000000100000000)
  region size 1024K, 5 young (5120K), 5 survivors (5120K)
 Metaspace       used 30080K, capacity 30775K, committed 30976K, reserved 542720K
  class space    used 4047K, capacity 4326K, committed 4352K, reserved 516096K
}
Event: 12.324 GC heap before
{Heap before GC invocations=6 (full 0):
 garbage-first heap   total 131072K, used 37537K [0x0000000080000000, 0x0000000100000000)
  region size 1024K, 22 young (22528K), 5 survivors (5120K)
 Metaspace       used 34849K, capacity 35703K, committed 35840K, reserved 548864K
  class space    used 4548K, capacity 4864K, committed 4864K, reserved 516096K
}
Event: 12.334 GC heap after
{Heap after GC invocations=7 (full 0):
 garbage-first heap   total 131072K, used 23316K [0x0000000080000000, 0x0000000100000000)
  region size 1024K, 7 young (7168K), 7 survivors (7168K)
 Metaspace       used 34849K, capacity 35703K, committed 35840K, reserved 548864K
  class space    used 4548K, capacity 4864K, committed 4864K, reserved 516096K
}
Event: 16.184 GC heap before
{Heap before GC invocations=8 (full 0):
 garbage-first heap   total 131072K, used 85780K [0x0000000080000000, 0x0000000100000000)
  region size 1024K, 66 young (67584K), 7 survivors (7168K)
 Metaspace       used 39572K, capacity 40513K, committed 40576K, reserved 552960K
  class space    used 5057K, capacity 5445K, committed 5504K, reserved 516096K
}
Event: 16.202 GC heap after
{Heap after GC invocations=9 (full 0):
 garbage-first heap   total 131072K, used 28320K [0x0000000080000000, 0x0000000100000000)
  region size 1024K, 9 young (9216K), 9 survivors (9216K)
 Metaspace       used 39572K, capacity 40513K, committed 40576K, reserved 552960K
  class space    used 5057K, capacity 5445K, committed 5504K, reserved 516096K
}

