# JRE version: Java(TM) SE Runtime Environment 18.9 (11.0.19+9) (build 11.0.19+9-LTS-224)
# Java VM: Java HotSpot(TM) 64-Bit Server VM 18.9 (11.0.19+9-LTS-224, mixed mode, tiered, compressed oops, g1 gc, windows-amd64)
Heap:
 garbage-first heap   total 157696K, used 23933K [0x0000000081600000, 0x0000000100000000)
  region size 1024K, 6 young (6144K), 6 survivors (6144K)
 Metaspace       used 45691K, capacity 46175K, committed 46236K, reserved 1095680K
  class space    used 5450K, capacity 5679K, committed 5708K, reserved 1048576K
GC Heap History (9 events):
Event: 0.702 GC heap before
{Heap before GC invocations=0 (full 0):
 garbage-first heap   total 131072K, used 27648K [0x0000000081600000, 0x0000000100000000)
  region size 1024K, 24 young (24576K), 0 survivors (0K)
 Metaspace       used 12128K, capacity 12212K, committed 12544K, reserved 1060864K
  class space    used 1149K, capacity 1174K, committed 1280K, reserved 1048576K
}
Event: 0.706 GC heap after
{Heap after GC invocations=1 (full 0):
 garbage-first heap   total 131072K, used 5791K [0x0000000081600000, 0x0000000100000000)
  region size 1024K, 3 young (3072K), 3 survivors (3072K)
 Metaspace       used 12128K, capacity 12212K, committed 12544K, reserved 1060864K
  class space    used 1149K, capacity 1174K, committed 1280K, reserved 1048576K
}
Event: 1.470 GC heap before
{Heap before GC invocations=1 (full 0):
 garbage-first heap   total 131072K, used 42655K [0x0000000081600000, 0x0000000100000000)
  region size 1024K, 40 young (40960K), 3 survivors (3072K)
 Metaspace       used 20928K, capacity 21121K, committed 21296K, reserved 1069056K
  class space    used 2249K, capacity 2346K, committed 2432K, reserved 1048576K
}
Event: 1.481 GC heap after
{Heap after GC invocations=2 (full 0):
 garbage-first heap   total 131072K, used 9216K [0x0000000081600000, 0x0000000100000000)
  region size 1024K, 6 young (6144K), 6 survivors (6144K)
 Metaspace       used 20928K, capacity 21121K, committed 21296K, reserved 1069056K
  class space    used 2249K, capacity 2346K, committed 2432K, reserved 1048576K
}
Event: 2.521 GC heap before
{Heap before GC invocations=3 (full 0):
 garbage-first heap   total 131072K, used 63488K [0x0000000081600000, 0x0000000100000000)
  region size 1024K, 54 young (55296K), 6 survivors (6144K)
 Metaspace       used 32552K, capacity 32964K, committed 33200K, reserved 1079296K
  class space    used 4102K, capacity 4308K, committed 4352K, reserved 1048576K
}
Event: 2.540 GC heap after
{Heap after GC invocations=4 (full 0):
 garbage-first heap   total 131072K, used 20528K [0x0000000081600000, 0x0000000100000000)
  region size 1024K, 7 young (7168K), 7 survivors (7168K)
 Metaspace       used 32552K, capacity 32964K, committed 33200K, reserved 1079296K
  class space    used 4102K, capacity 4308K, committed 4352K, reserved 1048576K
}
Event: 2.845 GC heap before
{Heap before GC invocations=4 (full 0):
 garbage-first heap   total 131072K, used 36912K [0x0000000081600000, 0x0000000100000000)
  region size 1024K, 24 young (24576K), 7 survivors (7168K)
 Metaspace       used 35491K, capacity 35845K, committed 35920K, reserved 1081344K
  class space    used 4421K, capacity 4606K, committed 4608K, reserved 1048576K
}
Event: 2.860 GC heap after
{Heap after GC invocations=5 (full 0):
 garbage-first heap   total 131072K, used 21286K [0x0000000081600000, 0x0000000100000000)
  region size 1024K, 3 young (3072K), 3 survivors (3072K)
 Metaspace       used 35491K, capacity 35845K, committed 35920K, reserved 1081344K
  class space    used 4421K, capacity 4606K, committed 4608K, reserved 1048576K
}
Event: 3.929 GC heap before
{Heap before GC invocations=6 (full 0):
 garbage-first heap   total 131072K, used 66342K [0x0000000081600000, 0x0000000100000000)
  region size 1024K, 48 young (49152K), 3 survivors (3072K)
 Metaspace       used 45691K, capacity 46175K, committed 46236K, reserved 1095680K
  class space    used 5450K, capacity 5679K, committed 5708K, reserved 1048576K
}

