# JRE version: Java(TM) SE Runtime Environment 18.9 (11.0.19+9) (build 11.0.19+9-LTS-224)
# Java VM: Java HotSpot(TM) 64-Bit Server VM 18.9 (11.0.19+9-LTS-224, mixed mode, tiered, compressed oops, g1 gc, windows-amd64)
Heap:
 garbage-first heap   total 131072K, used 42476K [0x0000000080000000, 0x0000000100000000)
  region size 1024K, 24 young (24576K), 8 survivors (8192K)
 Metaspace       used 40632K, capacity 41660K, committed 41728K, reserved 552960K
  class space    used 5207K, capacity 5609K, committed 5632K, reserved 516096K
GC Heap History (10 events):
Event: 7.727 GC heap before
{Heap before GC invocations=2 (full 0):
 garbage-first heap   total 131072K, used 36827K [0x0000000080000000, 0x0000000100000000)
  region size 1024K, 31 young (31744K), 10 survivors (10240K)
 Metaspace       used 20586K, capacity 21071K, committed 21248K, reserved 534528K
  class space    used 2504K, capacity 2692K, committed 2816K, reserved 516096K
}
Event: 7.737 GC heap after
{Heap after GC invocations=3 (full 0):
 garbage-first heap   total 131072K, used 17670K [0x0000000080000000, 0x0000000100000000)
  region size 1024K, 2 young (2048K), 2 survivors (2048K)
 Metaspace       used 20586K, capacity 21071K, committed 21248K, reserved 534528K
  class space    used 2504K, capacity 2692K, committed 2816K, reserved 516096K
}
Event: 9.637 GC heap before
{Heap before GC invocations=4 (full 0):
 garbage-first heap   total 131072K, used 67846K [0x0000000080000000, 0x0000000100000000)
  region size 1024K, 52 young (53248K), 2 survivors (2048K)
 Metaspace       used 25734K, capacity 26352K, committed 26496K, reserved 540672K
  class space    used 3355K, capacity 3586K, committed 3712K, reserved 516096K
}
Event: 9.644 GC heap after
{Heap after GC invocations=5 (full 0):
 garbage-first heap   total 131072K, used 19303K [0x0000000080000000, 0x0000000100000000)
  region size 1024K, 3 young (3072K), 3 survivors (3072K)
 Metaspace       used 25734K, capacity 26352K, committed 26496K, reserved 540672K
  class space    used 3355K, capacity 3586K, committed 3712K, reserved 516096K
}
Event: 11.796 GC heap before
{Heap before GC invocations=5 (full 0):
 garbage-first heap   total 131072K, used 78695K [0x0000000080000000, 0x0000000100000000)
  region size 1024K, 61 young (62464K), 3 survivors (3072K)
 Metaspace       used 31446K, capacity 32199K, committed 32512K, reserved 544768K
  class space    used 4238K, capacity 4523K, committed 4608K, reserved 516096K
}
Event: 11.803 GC heap after
{Heap after GC invocations=6 (full 0):
 garbage-first heap   total 131072K, used 21186K [0x0000000080000000, 0x0000000100000000)
  region size 1024K, 5 young (5120K), 5 survivors (5120K)
 Metaspace       used 31446K, capacity 32199K, committed 32512K, reserved 544768K
  class space    used 4238K, capacity 4523K, committed 4608K, reserved 516096K
}
Event: 12.625 GC heap before
{Heap before GC invocations=6 (full 0):
 garbage-first heap   total 131072K, used 29378K [0x0000000080000000, 0x0000000100000000)
  region size 1024K, 14 young (14336K), 5 survivors (5120K)
 Metaspace       used 34845K, capacity 35639K, committed 35840K, reserved 548864K
  class space    used 4545K, capacity 4864K, committed 4864K, reserved 516096K
}
Event: 12.634 GC heap after
{Heap after GC invocations=7 (full 0):
 garbage-first heap   total 131072K, used 22795K [0x0000000080000000, 0x0000000100000000)
  region size 1024K, 7 young (7168K), 7 survivors (7168K)
 Metaspace       used 34845K, capacity 35639K, committed 35840K, reserved 548864K
  class space    used 4545K, capacity 4864K, committed 4864K, reserved 516096K
}
Event: 15.538 GC heap before
{Heap before GC invocations=8 (full 0):
 garbage-first heap   total 131072K, used 83211K [0x0000000080000000, 0x0000000100000000)
  region size 1024K, 64 young (65536K), 7 survivors (7168K)
 Metaspace       used 39496K, capacity 40440K, committed 40576K, reserved 552960K
  class space    used 5046K, capacity 5441K, committed 5504K, reserved 516096K
}
Event: 15.553 GC heap after
{Heap after GC invocations=9 (full 0):
 garbage-first heap   total 131072K, used 27116K [0x0000000080000000, 0x0000000100000000)
  region size 1024K, 8 young (8192K), 8 survivors (8192K)
 Metaspace       used 39496K, capacity 40440K, committed 40576K, reserved 552960K
  class space    used 5046K, capacity 5441K, committed 5504K, reserved 516096K
}

